0 info it worked if it ends with ok
1 verbose cli [ 'C:\\Program Files\\nodejs\\node.exe',
1 verbose cli   'C:\\Program Files\\nodejs\\node_modules\\npm\\bin\\npm-cli.js',
1 verbose cli   'run',
1 verbose cli   'build' ]
2 info using npm@3.8.6
3 info using node@v6.0.0
4 verbose run-script [ 'prebuild', 'build', 'postbuild' ]
5 info lifecycle memoryGame@1.0.0~prebuild: memoryGame@1.0.0
6 silly lifecycle memoryGame@1.0.0~prebuild: no script for prebuild, continuing
7 info lifecycle memoryGame@1.0.0~build: memoryGame@1.0.0
8 verbose lifecycle memoryGame@1.0.0~build: unsafe-perm in lifecycle true
9 verbose lifecycle memoryGame@1.0.0~build: PATH: C:\Users\bhavy_000\AppData\Roaming\nvm\v6.0.0\node_modules\npm\bin\node-gyp-bin;C:\Users\bhavy_000\webDev\divya\node_modules\.bin;C:\Program Files\nodejs;C:\Users\bhavy_000\bin;C:\Program Files\Git\mingw64\bin;C:\Program Files\Git\usr\local\bin;C:\Program Files\Git\usr\bin;C:\Program Files\Git\usr\bin;C:\Program Files\Git\mingw64\bin;C:\Program Files\Git\usr\bin;C:\Users\bhavy_000\bin;C:\WINDOWS\system32;C:\WINDOWS;C:\WINDOWS\System32\Wbem;C:\WINDOWS\System32\WindowsPowerShell\v1.0;C:\Program Files\Microsoft SQL Server\120\Tools\Binn;C:\Program Files\Microsoft SQL Server\110\Tools\Binn;C:\Program Files (x86)\Skype\Phone;C:\Users\bhavy_000\AppData\Local\atom\bin;C:\Program Files (x86)\Heroku\bin;C:\Users\bhavy_000\AppData\Roaming\nvm;C:\Program Files\nodejs;C:\Program Files\Microsoft SQL Server\130\Tools\Binn;C:\Program Files\dotnet;C:\Python27;C:\Python27\Scripts;C:\Program Files\Git\cmd;C:\Users\bhavy_000\AppData\Local\atom\bin;C:\Users\bhavy_000\AppData\Local\Microsoft\WindowsApps;C:\Users\bhavy_000\AppData\Local\atom\bin;C:\Python;C:\Users\bhavy_000\AppData\Roaming\nvm;C:\Program Files\nodejs;C:\Program Files\Heroku\bin;C:\Python27;C:\Python27\scripts;C:\Program Files\Git\usr\bin\vendor_perl;C:\Program Files\Git\usr\bin\core_perl
10 verbose lifecycle memoryGame@1.0.0~build: CWD: C:\Users\bhavy_000\webDev\divya
11 silly lifecycle memoryGame@1.0.0~build: Args: [ '/d /s /c', 'webpack -d' ]
12 silly lifecycle memoryGame@1.0.0~build: Returned: code: 2  signal: null
13 info lifecycle memoryGame@1.0.0~build: Failed to exec build script
14 verbose stack Error: memoryGame@1.0.0 build: `webpack -d`
14 verbose stack Exit status 2
14 verbose stack     at EventEmitter.<anonymous> (C:\Users\bhavy_000\AppData\Roaming\nvm\v6.0.0\node_modules\npm\lib\utils\lifecycle.js:239:16)
14 verbose stack     at emitTwo (events.js:106:13)
14 verbose stack     at EventEmitter.emit (events.js:191:7)
14 verbose stack     at ChildProcess.<anonymous> (C:\Users\bhavy_000\AppData\Roaming\nvm\v6.0.0\node_modules\npm\lib\utils\spawn.js:24:14)
14 verbose stack     at emitTwo (events.js:106:13)
14 verbose stack     at ChildProcess.emit (events.js:191:7)
14 verbose stack     at maybeClose (internal/child_process.js:850:16)
14 verbose stack     at Process.ChildProcess._handle.onexit (internal/child_process.js:215:5)
15 verbose pkgid memoryGame@1.0.0
16 verbose cwd C:\Users\bhavy_000\webDev\divya
17 error Windows_NT 10.0.15063
18 error argv "C:\\Program Files\\nodejs\\node.exe" "C:\\Program Files\\nodejs\\node_modules\\npm\\bin\\npm-cli.js" "run" "build"
19 error node v6.0.0
20 error npm  v3.8.6
21 error code ELIFECYCLE
22 error memoryGame@1.0.0 build: `webpack -d`
22 error Exit status 2
23 error Failed at the memoryGame@1.0.0 build script 'webpack -d'.
23 error Make sure you have the latest version of node.js and npm installed.
23 error If you do, this is most likely a problem with the memoryGame package,
23 error not with npm itself.
23 error Tell the author that this fails on your system:
23 error     webpack -d
23 error You can get information on how to open an issue for this project with:
23 error     npm bugs memoryGame
23 error Or if that isn't available, you can get their info via:
23 error     npm owner ls memoryGame
23 error There is likely additional logging output above.
24 verbose exit [ 1, true ]
